{"C:\\Users\\OS\\Duan-tLam\\backend-hrmSOA\\services\\identity-service\\src\\controllers\\authController.js": {"path":"C:\\Users\\OS\\Duan-tLam\\backend-hrmSOA\\services\\identity-service\\src\\controllers\\authController.js","statementMap":{"0":{"start":{"line":1,"column":20},"end":{"line":1,"column":54}},"1":{"start":{"line":2,"column":17},"end":{"line":2,"column":52}},"2":{"start":{"line":5,"column":2},"end":{"line":14,"column":3}},"3":{"start":{"line":6,"column":88},"end":{"line":6,"column":102}},"4":{"start":{"line":7,"column":4},"end":{"line":7,"column":103}},"5":{"start":{"line":7,"column":29},"end":{"line":7,"column":103}},"6":{"start":{"line":8,"column":4},"end":{"line":8,"column":111}},"7":{"start":{"line":8,"column":38},"end":{"line":8,"column":111}},"8":{"start":{"line":9,"column":19},"end":{"line":9,"column":72}},"9":{"start":{"line":10,"column":4},"end":{"line":10,"column":101}},"10":{"start":{"line":12,"column":19},"end":{"line":12,"column":36}},"11":{"start":{"line":13,"column":4},"end":{"line":13,"column":86}},"12":{"start":{"line":18,"column":2},"end":{"line":26,"column":3}},"13":{"start":{"line":19,"column":32},"end":{"line":19,"column":46}},"14":{"start":{"line":20,"column":4},"end":{"line":20,"column":101}},"15":{"start":{"line":20,"column":29},"end":{"line":20,"column":101}},"16":{"start":{"line":21,"column":19},"end":{"line":21,"column":59}},"17":{"start":{"line":22,"column":4},"end":{"line":22,"column":70}},"18":{"start":{"line":24,"column":19},"end":{"line":24,"column":36}},"19":{"start":{"line":25,"column":4},"end":{"line":25,"column":79}},"20":{"start":{"line":30,"column":15},"end":{"line":30,"column":51}},"21":{"start":{"line":31,"column":2},"end":{"line":31,"column":72}},"22":{"start":{"line":31,"column":13},"end":{"line":31,"column":72}},"23":{"start":{"line":32,"column":2},"end":{"line":32,"column":24}},"24":{"start":{"line":35,"column":0},"end":{"line":35,"column":41}}},"fnMap":{"0":{"name":"register","decl":{"start":{"line":4,"column":15},"end":{"line":4,"column":23}},"loc":{"start":{"line":4,"column":34},"end":{"line":15,"column":1}},"line":4},"1":{"name":"login","decl":{"start":{"line":17,"column":15},"end":{"line":17,"column":20}},"loc":{"start":{"line":17,"column":31},"end":{"line":27,"column":1}},"line":17},"2":{"name":"me","decl":{"start":{"line":29,"column":15},"end":{"line":29,"column":17}},"loc":{"start":{"line":29,"column":28},"end":{"line":33,"column":1}},"line":29}},"branchMap":{"0":{"loc":{"start":{"line":6,"column":88},"end":{"line":6,"column":102}},"type":"binary-expr","locations":[{"start":{"line":6,"column":88},"end":{"line":6,"column":96}},{"start":{"line":6,"column":100},"end":{"line":6,"column":102}}],"line":6},"1":{"loc":{"start":{"line":7,"column":4},"end":{"line":7,"column":103}},"type":"if","locations":[{"start":{"line":7,"column":4},"end":{"line":7,"column":103}},{"start":{},"end":{}}],"line":7},"2":{"loc":{"start":{"line":7,"column":8},"end":{"line":7,"column":27}},"type":"binary-expr","locations":[{"start":{"line":7,"column":8},"end":{"line":7,"column":14}},{"start":{"line":7,"column":18},"end":{"line":7,"column":27}}],"line":7},"3":{"loc":{"start":{"line":8,"column":4},"end":{"line":8,"column":111}},"type":"if","locations":[{"start":{"line":8,"column":4},"end":{"line":8,"column":111}},{"start":{},"end":{}}],"line":8},"4":{"loc":{"start":{"line":12,"column":19},"end":{"line":12,"column":36}},"type":"binary-expr","locations":[{"start":{"line":12,"column":19},"end":{"line":12,"column":29}},{"start":{"line":12,"column":33},"end":{"line":12,"column":36}}],"line":12},"5":{"loc":{"start":{"line":13,"column":46},"end":{"line":13,"column":82}},"type":"binary-expr","locations":[{"start":{"line":13,"column":46},"end":{"line":13,"column":57}},{"start":{"line":13,"column":61},"end":{"line":13,"column":82}}],"line":13},"6":{"loc":{"start":{"line":19,"column":32},"end":{"line":19,"column":46}},"type":"binary-expr","locations":[{"start":{"line":19,"column":32},"end":{"line":19,"column":40}},{"start":{"line":19,"column":44},"end":{"line":19,"column":46}}],"line":19},"7":{"loc":{"start":{"line":20,"column":4},"end":{"line":20,"column":101}},"type":"if","locations":[{"start":{"line":20,"column":4},"end":{"line":20,"column":101}},{"start":{},"end":{}}],"line":20},"8":{"loc":{"start":{"line":20,"column":8},"end":{"line":20,"column":27}},"type":"binary-expr","locations":[{"start":{"line":20,"column":8},"end":{"line":20,"column":14}},{"start":{"line":20,"column":18},"end":{"line":20,"column":27}}],"line":20},"9":{"loc":{"start":{"line":24,"column":19},"end":{"line":24,"column":36}},"type":"binary-expr","locations":[{"start":{"line":24,"column":19},"end":{"line":24,"column":29}},{"start":{"line":24,"column":33},"end":{"line":24,"column":36}}],"line":24},"10":{"loc":{"start":{"line":25,"column":46},"end":{"line":25,"column":75}},"type":"binary-expr","locations":[{"start":{"line":25,"column":46},"end":{"line":25,"column":57}},{"start":{"line":25,"column":61},"end":{"line":25,"column":75}}],"line":25},"11":{"loc":{"start":{"line":31,"column":2},"end":{"line":31,"column":72}},"type":"if","locations":[{"start":{"line":31,"column":2},"end":{"line":31,"column":72}},{"start":{},"end":{}}],"line":31}},"s":{"0":1,"1":1,"2":7,"3":7,"4":7,"5":2,"6":5,"7":1,"8":4,"9":3,"10":1,"11":1,"12":6,"13":6,"14":6,"15":2,"16":4,"17":2,"18":2,"19":2,"20":0,"21":0,"22":0,"23":0,"24":1},"f":{"0":7,"1":6,"2":0},"b":{"0":[7,0],"1":[2,5],"2":[7,6],"3":[1,4],"4":[1,0],"5":[1,0],"6":[6,0],"7":[2,4],"8":[6,5],"9":[2,0],"10":[2,0],"11":[0,0]},"_coverageSchema":"1a1c01bbd47fc00a2c39e90264f33305004495a9","hash":"090d4793f5997def3939f13a5b402d315a385a2e"}
,"C:\\Users\\OS\\Duan-tLam\\backend-hrmSOA\\services\\identity-service\\src\\controllers\\userController.js": {"path":"C:\\Users\\OS\\Duan-tLam\\backend-hrmSOA\\services\\identity-service\\src\\controllers\\userController.js","statementMap":{"0":{"start":{"line":1,"column":17},"end":{"line":1,"column":52}},"1":{"start":{"line":4,"column":16},"end":{"line":4,"column":42}},"2":{"start":{"line":5,"column":2},"end":{"line":5,"column":25}},"3":{"start":{"line":9,"column":15},"end":{"line":9,"column":53}},"4":{"start":{"line":10,"column":2},"end":{"line":10,"column":72}},"5":{"start":{"line":10,"column":13},"end":{"line":10,"column":72}},"6":{"start":{"line":11,"column":2},"end":{"line":11,"column":24}},"7":{"start":{"line":15,"column":18},"end":{"line":15,"column":74}},"8":{"start":{"line":16,"column":2},"end":{"line":16,"column":75}},"9":{"start":{"line":16,"column":16},"end":{"line":16,"column":75}},"10":{"start":{"line":17,"column":2},"end":{"line":17,"column":27}},"11":{"start":{"line":21,"column":18},"end":{"line":21,"column":58}},"12":{"start":{"line":22,"column":2},"end":{"line":22,"column":75}},"13":{"start":{"line":22,"column":16},"end":{"line":22,"column":75}},"14":{"start":{"line":23,"column":2},"end":{"line":23,"column":27}},"15":{"start":{"line":26,"column":0},"end":{"line":26,"column":64}}},"fnMap":{"0":{"name":"listUsers","decl":{"start":{"line":3,"column":15},"end":{"line":3,"column":24}},"loc":{"start":{"line":3,"column":36},"end":{"line":6,"column":1}},"line":3},"1":{"name":"getUser","decl":{"start":{"line":8,"column":15},"end":{"line":8,"column":22}},"loc":{"start":{"line":8,"column":33},"end":{"line":12,"column":1}},"line":8},"2":{"name":"updateUser","decl":{"start":{"line":14,"column":15},"end":{"line":14,"column":25}},"loc":{"start":{"line":14,"column":36},"end":{"line":18,"column":1}},"line":14},"3":{"name":"deleteUser","decl":{"start":{"line":20,"column":15},"end":{"line":20,"column":25}},"loc":{"start":{"line":20,"column":36},"end":{"line":24,"column":1}},"line":20}},"branchMap":{"0":{"loc":{"start":{"line":10,"column":2},"end":{"line":10,"column":72}},"type":"if","locations":[{"start":{"line":10,"column":2},"end":{"line":10,"column":72}},{"start":{},"end":{}}],"line":10},"1":{"loc":{"start":{"line":15,"column":59},"end":{"line":15,"column":73}},"type":"binary-expr","locations":[{"start":{"line":15,"column":59},"end":{"line":15,"column":67}},{"start":{"line":15,"column":71},"end":{"line":15,"column":73}}],"line":15},"2":{"loc":{"start":{"line":16,"column":2},"end":{"line":16,"column":75}},"type":"if","locations":[{"start":{"line":16,"column":2},"end":{"line":16,"column":75}},{"start":{},"end":{}}],"line":16},"3":{"loc":{"start":{"line":22,"column":2},"end":{"line":22,"column":75}},"type":"if","locations":[{"start":{"line":22,"column":2},"end":{"line":22,"column":75}},{"start":{},"end":{}}],"line":22}},"s":{"0":0,"1":0,"2":0,"3":0,"4":0,"5":0,"6":0,"7":0,"8":0,"9":0,"10":0,"11":0,"12":0,"13":0,"14":0,"15":0},"f":{"0":0,"1":0,"2":0,"3":0},"b":{"0":[0,0],"1":[0,0],"2":[0,0],"3":[0,0]}}
,"C:\\Users\\OS\\Duan-tLam\\backend-hrmSOA\\services\\identity-service\\src\\middlewares\\auth.js": {"path":"C:\\Users\\OS\\Duan-tLam\\backend-hrmSOA\\services\\identity-service\\src\\middlewares\\auth.js","statementMap":{"0":{"start":{"line":1,"column":19},"end":{"line":1,"column":42}},"1":{"start":{"line":4,"column":21},"end":{"line":4,"column":52}},"2":{"start":{"line":5,"column":16},"end":{"line":5,"column":77}},"3":{"start":{"line":6,"column":2},"end":{"line":6,"column":72}},"4":{"start":{"line":6,"column":14},"end":{"line":6,"column":72}},"5":{"start":{"line":7,"column":2},"end":{"line":12,"column":3}},"6":{"start":{"line":8,"column":4},"end":{"line":8,"column":29}},"7":{"start":{"line":9,"column":4},"end":{"line":9,"column":18}},"8":{"start":{"line":11,"column":4},"end":{"line":11,"column":62}},"9":{"start":{"line":16,"column":2},"end":{"line":21,"column":4}},"10":{"start":{"line":17,"column":4},"end":{"line":19,"column":5}},"11":{"start":{"line":18,"column":6},"end":{"line":18,"column":60}},"12":{"start":{"line":20,"column":4},"end":{"line":20,"column":18}},"13":{"start":{"line":24,"column":0},"end":{"line":24,"column":46}}},"fnMap":{"0":{"name":"requireAuth","decl":{"start":{"line":3,"column":9},"end":{"line":3,"column":20}},"loc":{"start":{"line":3,"column":37},"end":{"line":13,"column":1}},"line":3},"1":{"name":"requireRole","decl":{"start":{"line":15,"column":9},"end":{"line":15,"column":20}},"loc":{"start":{"line":15,"column":27},"end":{"line":22,"column":1}},"line":15},"2":{"name":"(anonymous_2)","decl":{"start":{"line":16,"column":9},"end":{"line":16,"column":10}},"loc":{"start":{"line":16,"column":29},"end":{"line":21,"column":3}},"line":16}},"branchMap":{"0":{"loc":{"start":{"line":4,"column":21},"end":{"line":4,"column":52}},"type":"binary-expr","locations":[{"start":{"line":4,"column":21},"end":{"line":4,"column":46}},{"start":{"line":4,"column":50},"end":{"line":4,"column":52}}],"line":4},"1":{"loc":{"start":{"line":5,"column":16},"end":{"line":5,"column":77}},"type":"cond-expr","locations":[{"start":{"line":5,"column":51},"end":{"line":5,"column":70}},{"start":{"line":5,"column":73},"end":{"line":5,"column":77}}],"line":5},"2":{"loc":{"start":{"line":6,"column":2},"end":{"line":6,"column":72}},"type":"if","locations":[{"start":{"line":6,"column":2},"end":{"line":6,"column":72}},{"start":{},"end":{}}],"line":6},"3":{"loc":{"start":{"line":17,"column":4},"end":{"line":19,"column":5}},"type":"if","locations":[{"start":{"line":17,"column":4},"end":{"line":19,"column":5}},{"start":{},"end":{}}],"line":17},"4":{"loc":{"start":{"line":17,"column":8},"end":{"line":17,"column":43}},"type":"binary-expr","locations":[{"start":{"line":17,"column":8},"end":{"line":17,"column":17}},{"start":{"line":17,"column":21},"end":{"line":17,"column":43}}],"line":17}},"s":{"0":1,"1":0,"2":0,"3":0,"4":0,"5":0,"6":0,"7":0,"8":0,"9":0,"10":0,"11":0,"12":0,"13":1},"f":{"0":0,"1":0,"2":0},"b":{"0":[0,0],"1":[0,0],"2":[0,0],"3":[0,0],"4":[0,0]},"_coverageSchema":"1a1c01bbd47fc00a2c39e90264f33305004495a9","hash":"8588b252e2e7d758cc5f28198dcf3b972f25ae12"}
,"C:\\Users\\OS\\Duan-tLam\\backend-hrmSOA\\services\\identity-service\\src\\models\\User.js": {"path":"C:\\Users\\OS\\Duan-tLam\\backend-hrmSOA\\services\\identity-service\\src\\models\\User.js","statementMap":{"0":{"start":{"line":1,"column":17},"end":{"line":1,"column":36}},"1":{"start":{"line":3,"column":19},"end":{"line":10,"column":1}},"2":{"start":{"line":12,"column":0},"end":{"line":12,"column":52}}},"fnMap":{},"branchMap":{},"s":{"0":1,"1":1,"2":1},"f":{},"b":{},"_coverageSchema":"1a1c01bbd47fc00a2c39e90264f33305004495a9","hash":"5776740159ee36141e2736d0f042046bc365622a"}
,"C:\\Users\\OS\\Duan-tLam\\backend-hrmSOA\\services\\identity-service\\src\\repositories\\userRepo.js": {"path":"C:\\Users\\OS\\Duan-tLam\\backend-hrmSOA\\services\\identity-service\\src\\repositories\\userRepo.js","statementMap":{"0":{"start":{"line":1,"column":13},"end":{"line":1,"column":38}},"1":{"start":{"line":3,"column":14},"end":{"line":12,"column":1}},"2":{"start":{"line":4,"column":2},"end":{"line":4,"column":24}},"3":{"start":{"line":4,"column":12},"end":{"line":4,"column":24}},"4":{"start":{"line":5,"column":12},"end":{"line":5,"column":47}},"5":{"start":{"line":6,"column":2},"end":{"line":11,"column":4}},"6":{"start":{"line":15,"column":18},"end":{"line":15,"column":66}},"7":{"start":{"line":16,"column":2},"end":{"line":16,"column":24}},"8":{"start":{"line":20,"column":2},"end":{"line":20,"column":40}},"9":{"start":{"line":24,"column":14},"end":{"line":24,"column":44}},"10":{"start":{"line":25,"column":2},"end":{"line":25,"column":20}},"11":{"start":{"line":29,"column":15},"end":{"line":29,"column":80}},"12":{"start":{"line":30,"column":2},"end":{"line":30,"column":25}},"13":{"start":{"line":34,"column":14},"end":{"line":34,"column":53}},"14":{"start":{"line":35,"column":2},"end":{"line":35,"column":20}},"15":{"start":{"line":39,"column":17},"end":{"line":39,"column":19}},"16":{"start":{"line":40,"column":2},"end":{"line":40,"column":50}},"17":{"start":{"line":40,"column":21},"end":{"line":40,"column":50}},"18":{"start":{"line":41,"column":2},"end":{"line":41,"column":47}},"19":{"start":{"line":41,"column":20},"end":{"line":41,"column":47}},"20":{"start":{"line":42,"column":14},"end":{"line":42,"column":86}},"21":{"start":{"line":43,"column":2},"end":{"line":43,"column":20}},"22":{"start":{"line":46,"column":0},"end":{"line":53,"column":2}}},"fnMap":{"0":{"name":"(anonymous_0)","decl":{"start":{"line":3,"column":14},"end":{"line":3,"column":15}},"loc":{"start":{"line":3,"column":23},"end":{"line":12,"column":1}},"line":3},"1":{"name":"createUser","decl":{"start":{"line":14,"column":15},"end":{"line":14,"column":25}},"loc":{"start":{"line":14,"column":53},"end":{"line":17,"column":1}},"line":14},"2":{"name":"findByEmail","decl":{"start":{"line":19,"column":9},"end":{"line":19,"column":20}},"loc":{"start":{"line":19,"column":28},"end":{"line":21,"column":1}},"line":19},"3":{"name":"findById","decl":{"start":{"line":23,"column":15},"end":{"line":23,"column":23}},"loc":{"start":{"line":23,"column":28},"end":{"line":26,"column":1}},"line":23},"4":{"name":"listUsers","decl":{"start":{"line":28,"column":15},"end":{"line":28,"column":24}},"loc":{"start":{"line":28,"column":27},"end":{"line":31,"column":1}},"line":28},"5":{"name":"deleteUser","decl":{"start":{"line":33,"column":15},"end":{"line":33,"column":25}},"loc":{"start":{"line":33,"column":30},"end":{"line":36,"column":1}},"line":33},"6":{"name":"updateUser","decl":{"start":{"line":38,"column":15},"end":{"line":38,"column":25}},"loc":{"start":{"line":38,"column":39},"end":{"line":44,"column":1}},"line":38}},"branchMap":{"0":{"loc":{"start":{"line":4,"column":2},"end":{"line":4,"column":24}},"type":"if","locations":[{"start":{"line":4,"column":2},"end":{"line":4,"column":24}},{"start":{},"end":{}}],"line":4},"1":{"loc":{"start":{"line":5,"column":12},"end":{"line":5,"column":47}},"type":"cond-expr","locations":[{"start":{"line":5,"column":27},"end":{"line":5,"column":41}},{"start":{"line":5,"column":44},"end":{"line":5,"column":47}}],"line":5},"2":{"loc":{"start":{"line":40,"column":2},"end":{"line":40,"column":50}},"type":"if","locations":[{"start":{"line":40,"column":2},"end":{"line":40,"column":50}},{"start":{},"end":{}}],"line":40},"3":{"loc":{"start":{"line":41,"column":2},"end":{"line":41,"column":47}},"type":"if","locations":[{"start":{"line":41,"column":2},"end":{"line":41,"column":47}},{"start":{},"end":{}}],"line":41}},"s":{"0":1,"1":1,"2":3,"3":0,"4":3,"5":3,"6":3,"7":3,"8":8,"9":0,"10":0,"11":0,"12":0,"13":0,"14":0,"15":0,"16":0,"17":0,"18":0,"19":0,"20":0,"21":0,"22":1},"f":{"0":3,"1":3,"2":8,"3":0,"4":0,"5":0,"6":0},"b":{"0":[0,3],"1":[3,0],"2":[0,0],"3":[0,0]},"_coverageSchema":"1a1c01bbd47fc00a2c39e90264f33305004495a9","hash":"7a9bd7eaaaad9d672a49f2e94dffdd3310edd7cd"}
,"C:\\Users\\OS\\Duan-tLam\\backend-hrmSOA\\services\\identity-service\\src\\routes\\auth.js": {"path":"C:\\Users\\OS\\Duan-tLam\\backend-hrmSOA\\services\\identity-service\\src\\routes\\auth.js","statementMap":{"0":{"start":{"line":1,"column":16},"end":{"line":1,"column":34}},"1":{"start":{"line":2,"column":32},"end":{"line":2,"column":72}},"2":{"start":{"line":3,"column":24},"end":{"line":3,"column":54}},"3":{"start":{"line":5,"column":15},"end":{"line":5,"column":31}},"4":{"start":{"line":7,"column":0},"end":{"line":7,"column":35}},"5":{"start":{"line":8,"column":0},"end":{"line":8,"column":29}},"6":{"start":{"line":9,"column":0},"end":{"line":9,"column":35}},"7":{"start":{"line":11,"column":0},"end":{"line":11,"column":24}}},"fnMap":{},"branchMap":{},"s":{"0":1,"1":1,"2":1,"3":1,"4":1,"5":1,"6":1,"7":1},"f":{},"b":{},"_coverageSchema":"1a1c01bbd47fc00a2c39e90264f33305004495a9","hash":"3996d6a3eeda8f6d111530011b28605104f45fb2"}
,"C:\\Users\\OS\\Duan-tLam\\backend-hrmSOA\\services\\identity-service\\src\\routes\\users.js": {"path":"C:\\Users\\OS\\Duan-tLam\\backend-hrmSOA\\services\\identity-service\\src\\routes\\users.js","statementMap":{"0":{"start":{"line":1,"column":16},"end":{"line":1,"column":34}},"1":{"start":{"line":2,"column":55},"end":{"line":2,"column":95}},"2":{"start":{"line":3,"column":37},"end":{"line":3,"column":67}},"3":{"start":{"line":5,"column":15},"end":{"line":5,"column":31}},"4":{"start":{"line":7,"column":0},"end":{"line":7,"column":62}},"5":{"start":{"line":8,"column":0},"end":{"line":8,"column":63}},"6":{"start":{"line":9,"column":0},"end":{"line":9,"column":66}},"7":{"start":{"line":10,"column":0},"end":{"line":10,"column":69}},"8":{"start":{"line":12,"column":0},"end":{"line":12,"column":24}}},"fnMap":{},"branchMap":{},"s":{"0":0,"1":0,"2":0,"3":0,"4":0,"5":0,"6":0,"7":0,"8":0},"f":{},"b":{}}
,"C:\\Users\\OS\\Duan-tLam\\backend-hrmSOA\\services\\identity-service\\src\\services\\authService.js": {"path":"C:\\Users\\OS\\Duan-tLam\\backend-hrmSOA\\services\\identity-service\\src\\services\\authService.js","statementMap":{"0":{"start":{"line":1,"column":15},"end":{"line":1,"column":34}},"1":{"start":{"line":2,"column":14},"end":{"line":2,"column":30}},"2":{"start":{"line":3,"column":17},"end":{"line":3,"column":52}},"3":{"start":{"line":4,"column":17},"end":{"line":4,"column":40}},"4":{"start":{"line":6,"column":28},"end":{"line":6,"column":86}},"5":{"start":{"line":9,"column":17},"end":{"line":9,"column":50}},"6":{"start":{"line":10,"column":2},"end":{"line":14,"column":3}},"7":{"start":{"line":11,"column":18},"end":{"line":11,"column":55}},"8":{"start":{"line":12,"column":4},"end":{"line":12,"column":23}},"9":{"start":{"line":13,"column":4},"end":{"line":13,"column":16}},"10":{"start":{"line":15,"column":15},"end":{"line":15,"column":46}},"11":{"start":{"line":16,"column":15},"end":{"line":16,"column":62}},"12":{"start":{"line":19,"column":2},"end":{"line":28,"column":3}},"13":{"start":{"line":20,"column":4},"end":{"line":24,"column":7}},"14":{"start":{"line":27,"column":4},"end":{"line":27,"column":75}},"15":{"start":{"line":30,"column":16},"end":{"line":30,"column":73}},"16":{"start":{"line":31,"column":2},"end":{"line":31,"column":42}},"17":{"start":{"line":35,"column":15},"end":{"line":35,"column":48}},"18":{"start":{"line":36,"column":2},"end":{"line":40,"column":3}},"19":{"start":{"line":37,"column":18},"end":{"line":37,"column":50}},"20":{"start":{"line":38,"column":4},"end":{"line":38,"column":23}},"21":{"start":{"line":39,"column":4},"end":{"line":39,"column":16}},"22":{"start":{"line":41,"column":13},"end":{"line":41,"column":62}},"23":{"start":{"line":42,"column":2},"end":{"line":46,"column":3}},"24":{"start":{"line":43,"column":18},"end":{"line":43,"column":50}},"25":{"start":{"line":44,"column":4},"end":{"line":44,"column":23}},"26":{"start":{"line":45,"column":4},"end":{"line":45,"column":16}},"27":{"start":{"line":47,"column":16},"end":{"line":47,"column":85}},"28":{"start":{"line":48,"column":2},"end":{"line":48,"column":36}},"29":{"start":{"line":51,"column":0},"end":{"line":51,"column":37}}},"fnMap":{"0":{"name":"register","decl":{"start":{"line":8,"column":15},"end":{"line":8,"column":23}},"loc":{"start":{"line":8,"column":51},"end":{"line":32,"column":1}},"line":8},"1":{"name":"login","decl":{"start":{"line":34,"column":15},"end":{"line":34,"column":20}},"loc":{"start":{"line":34,"column":38},"end":{"line":49,"column":1}},"line":34}},"branchMap":{"0":{"loc":{"start":{"line":6,"column":28},"end":{"line":6,"column":86}},"type":"binary-expr","locations":[{"start":{"line":6,"column":28},"end":{"line":6,"column":59}},{"start":{"line":6,"column":63},"end":{"line":6,"column":86}}],"line":6},"1":{"loc":{"start":{"line":10,"column":2},"end":{"line":14,"column":3}},"type":"if","locations":[{"start":{"line":10,"column":2},"end":{"line":14,"column":3}},{"start":{},"end":{}}],"line":10},"2":{"loc":{"start":{"line":23,"column":17},"end":{"line":23,"column":31}},"type":"binary-expr","locations":[{"start":{"line":23,"column":17},"end":{"line":23,"column":25}},{"start":{"line":23,"column":29},"end":{"line":23,"column":31}}],"line":23},"3":{"loc":{"start":{"line":36,"column":2},"end":{"line":40,"column":3}},"type":"if","locations":[{"start":{"line":36,"column":2},"end":{"line":40,"column":3}},{"start":{},"end":{}}],"line":36},"4":{"loc":{"start":{"line":42,"column":2},"end":{"line":46,"column":3}},"type":"if","locations":[{"start":{"line":42,"column":2},"end":{"line":46,"column":3}},{"start":{},"end":{}}],"line":42}},"s":{"0":1,"1":1,"2":1,"3":1,"4":1,"5":4,"6":4,"7":1,"8":1,"9":1,"10":3,"11":3,"12":3,"13":3,"14":3,"15":3,"16":3,"17":4,"18":4,"19":1,"20":1,"21":1,"22":3,"23":3,"24":1,"25":1,"26":1,"27":2,"28":2,"29":1},"f":{"0":4,"1":4},"b":{"0":[1,1],"1":[1,3],"2":[3,1],"3":[1,3],"4":[1,2]},"_coverageSchema":"1a1c01bbd47fc00a2c39e90264f33305004495a9","hash":"78c9f108954f924bb2afb0e516d51302f59bf179"}
,"C:\\Users\\OS\\Duan-tLam\\backend-hrmSOA\\services\\identity-service\\src\\utils\\jwt.js": {"path":"C:\\Users\\OS\\Duan-tLam\\backend-hrmSOA\\services\\identity-service\\src\\utils\\jwt.js","statementMap":{"0":{"start":{"line":1,"column":12},"end":{"line":1,"column":35}},"1":{"start":{"line":3,"column":19},"end":{"line":3,"column":57}},"2":{"start":{"line":6,"column":2},"end":{"line":6,"column":72}},"3":{"start":{"line":10,"column":2},"end":{"line":10,"column":39}},"4":{"start":{"line":13,"column":0},"end":{"line":13,"column":46}}},"fnMap":{"0":{"name":"sign","decl":{"start":{"line":5,"column":9},"end":{"line":5,"column":13}},"loc":{"start":{"line":5,"column":37},"end":{"line":7,"column":1}},"line":5},"1":{"name":"verify","decl":{"start":{"line":9,"column":9},"end":{"line":9,"column":15}},"loc":{"start":{"line":9,"column":23},"end":{"line":11,"column":1}},"line":9}},"branchMap":{"0":{"loc":{"start":{"line":3,"column":19},"end":{"line":3,"column":57}},"type":"binary-expr","locations":[{"start":{"line":3,"column":19},"end":{"line":3,"column":41}},{"start":{"line":3,"column":45},"end":{"line":3,"column":57}}],"line":3},"1":{"loc":{"start":{"line":5,"column":23},"end":{"line":5,"column":35}},"type":"default-arg","locations":[{"start":{"line":5,"column":33},"end":{"line":5,"column":35}}],"line":5}},"s":{"0":1,"1":1,"2":5,"3":0,"4":1},"f":{"0":5,"1":0},"b":{"0":[1,1],"1":[5]},"_coverageSchema":"1a1c01bbd47fc00a2c39e90264f33305004495a9","hash":"46d3ee078b172c850dcfb7e3a73236d3a59b5e65"}
}
