TN:
SF:src\controllers\authController.js
FN:4,register
FN:17,login
FN:29,me
FNF:3
FNH:2
FNDA:7,register
FNDA:6,login
FNDA:0,me
DA:1,1
DA:2,1
DA:5,7
DA:6,7
DA:7,7
DA:8,5
DA:9,4
DA:10,3
DA:12,1
DA:13,1
DA:18,6
DA:19,6
DA:20,6
DA:21,4
DA:22,2
DA:24,2
DA:25,2
DA:30,0
DA:31,0
DA:32,0
DA:35,1
LF:21
LH:18
BRDA:6,0,0,7
BRDA:6,0,1,0
BRDA:7,1,0,2
BRDA:7,1,1,5
BRDA:7,2,0,7
BRDA:7,2,1,6
BRDA:8,3,0,1
BRDA:8,3,1,4
BRDA:12,4,0,1
BRDA:12,4,1,0
BRDA:13,5,0,1
BRDA:13,5,1,0
BRDA:19,6,0,6
BRDA:19,6,1,0
BRDA:20,7,0,2
BRDA:20,7,1,4
BRDA:20,8,0,6
BRDA:20,8,1,5
BRDA:24,9,0,2
BRDA:24,9,1,0
BRDA:25,10,0,2
BRDA:25,10,1,0
BRDA:31,11,0,0
BRDA:31,11,1,0
BRF:24
BRH:16
end_of_record
TN:
SF:src\controllers\userController.js
FN:3,listUsers
FN:8,getUser
FN:14,updateUser
FN:20,deleteUser
FNF:4
FNH:0
FNDA:0,listUsers
FNDA:0,getUser
FNDA:0,updateUser
FNDA:0,deleteUser
DA:1,0
DA:4,0
DA:5,0
DA:9,0
DA:10,0
DA:11,0
DA:15,0
DA:16,0
DA:17,0
DA:21,0
DA:22,0
DA:23,0
DA:26,0
LF:13
LH:0
BRDA:10,0,0,0
BRDA:10,0,1,0
BRDA:15,1,0,0
BRDA:15,1,1,0
BRDA:16,2,0,0
BRDA:16,2,1,0
BRDA:22,3,0,0
BRDA:22,3,1,0
BRF:8
BRH:0
end_of_record
TN:
SF:src\middlewares\auth.js
FN:3,requireAuth
FN:15,requireRole
FN:16,(anonymous_2)
FNF:3
FNH:0
FNDA:0,requireAuth
FNDA:0,requireRole
FNDA:0,(anonymous_2)
DA:1,1
DA:4,0
DA:5,0
DA:6,0
DA:7,0
DA:8,0
DA:9,0
DA:11,0
DA:16,0
DA:17,0
DA:18,0
DA:20,0
DA:24,1
LF:13
LH:2
BRDA:4,0,0,0
BRDA:4,0,1,0
BRDA:5,1,0,0
BRDA:5,1,1,0
BRDA:6,2,0,0
BRDA:6,2,1,0
BRDA:17,3,0,0
BRDA:17,3,1,0
BRDA:17,4,0,0
BRDA:17,4,1,0
BRF:10
BRH:0
end_of_record
TN:
SF:src\models\User.js
FNF:0
FNH:0
DA:1,1
DA:3,1
DA:12,1
LF:3
LH:3
BRF:0
BRH:0
end_of_record
TN:
SF:src\repositories\userRepo.js
FN:3,(anonymous_0)
FN:14,createUser
FN:19,findByEmail
FN:23,findById
FN:28,listUsers
FN:33,deleteUser
FN:38,updateUser
FNF:7
FNH:3
FNDA:3,(anonymous_0)
FNDA:3,createUser
FNDA:8,findByEmail
FNDA:0,findById
FNDA:0,listUsers
FNDA:0,deleteUser
FNDA:0,updateUser
DA:1,1
DA:3,1
DA:4,3
DA:5,3
DA:6,3
DA:15,3
DA:16,3
DA:20,8
DA:24,0
DA:25,0
DA:29,0
DA:30,0
DA:34,0
DA:35,0
DA:39,0
DA:40,0
DA:41,0
DA:42,0
DA:43,0
DA:46,1
LF:20
LH:9
BRDA:4,0,0,0
BRDA:4,0,1,3
BRDA:5,1,0,3
BRDA:5,1,1,0
BRDA:40,2,0,0
BRDA:40,2,1,0
BRDA:41,3,0,0
BRDA:41,3,1,0
BRF:8
BRH:2
end_of_record
TN:
SF:src\routes\auth.js
FNF:0
FNH:0
DA:1,1
DA:2,1
DA:3,1
DA:5,1
DA:7,1
DA:8,1
DA:9,1
DA:11,1
LF:8
LH:8
BRF:0
BRH:0
end_of_record
TN:
SF:src\routes\users.js
FNF:0
FNH:0
DA:1,0
DA:2,0
DA:3,0
DA:5,0
DA:7,0
DA:8,0
DA:9,0
DA:10,0
DA:12,0
LF:9
LH:0
BRF:0
BRH:0
end_of_record
TN:
SF:src\services\authService.js
FN:8,register
FN:34,login
FNF:2
FNH:2
FNDA:4,register
FNDA:4,login
DA:1,1
DA:2,1
DA:3,1
DA:4,1
DA:6,1
DA:9,4
DA:10,4
DA:11,1
DA:12,1
DA:13,1
DA:15,3
DA:16,3
DA:19,3
DA:20,3
DA:27,3
DA:30,3
DA:31,3
DA:35,4
DA:36,4
DA:37,1
DA:38,1
DA:39,1
DA:41,3
DA:42,3
DA:43,1
DA:44,1
DA:45,1
DA:47,2
DA:48,2
DA:51,1
LF:30
LH:30
BRDA:6,0,0,1
BRDA:6,0,1,1
BRDA:10,1,0,1
BRDA:10,1,1,3
BRDA:23,2,0,3
BRDA:23,2,1,1
BRDA:36,3,0,1
BRDA:36,3,1,3
BRDA:42,4,0,1
BRDA:42,4,1,2
BRF:10
BRH:10
end_of_record
TN:
SF:src\utils\jwt.js
FN:5,sign
FN:9,verify
FNF:2
FNH:1
FNDA:5,sign
FNDA:0,verify
DA:1,1
DA:3,1
DA:6,5
DA:10,0
DA:13,1
LF:5
LH:4
BRDA:3,0,0,1
BRDA:3,0,1,1
BRDA:5,1,0,5
BRF:3
BRH:3
end_of_record
